<?xml version="1.0" encoding="UTF-8"?>
<!-- Generated by org.testng.reporters.JUnitReportReporter -->
<testsuite hostname="LAPTOP-88P6SOIE" failures="0" tests="10" name="parallelScripts.MethodInvocationTest" time="0.217" errors="0" timestamp="2022-10-21T12:12:03 IST" skipped="0">
  <testcase classname="parallelScripts.MethodInvocationTest" name="sampleTest" time="0.003"/>
  <system-out/>
  <testcase classname="parallelScripts.MethodInvocationTest" name="sampleTest" time="0.004"/>
  <system-out/>
  <testcase classname="parallelScripts.MethodInvocationTest" name="sampleTest" time="0.017"/>
  <system-out/>
  <testcase classname="parallelScripts.MethodInvocationTest" name="sampleTest" time="0.021"/>
  <system-out/>
  <testcase classname="parallelScripts.MethodInvocationTest" name="sampleTest" time="0.009"/>
  <system-out/>
  <testcase classname="parallelScripts.MethodInvocationTest" name="sampleTest" time="0.063"/>
  <system-out/>
  <testcase classname="parallelScripts.MethodInvocationTest" name="sampleTest" time="0.003"/>
  <system-out/>
  <testcase classname="parallelScripts.MethodInvocationTest" name="sampleTest" time="0.018"/>
  <system-out/>
  <testcase classname="parallelScripts.MethodInvocationTest" name="sampleTest" time="0.002"/>
  <system-out/>
  <testcase classname="parallelScripts.MethodInvocationTest" name="sampleTest" time="0.077"/>
  <system-out/>
</testsuite> <!-- parallelScripts.MethodInvocationTest -->
