<?xml version="1.0" encoding="UTF-8"?>
<!-- Generated by org.testng.reporters.JUnitReportReporter -->
<testsuite hostname="LAPTOP-88P6SOIE" failures="0" tests="4" name="parallelScripts.SampleOneTest" time="0.032" errors="0" timestamp="2022-10-21T12:12:03 IST" skipped="0">
  <testcase classname="parallelScripts.SampleOneTest" name="threeTwo" time="0.005"/>
  <system-out/>
  <testcase classname="parallelScripts.SampleOneTest" name="testTwo" time="0.004"/>
  <system-out/>
  <testcase classname="parallelScripts.SampleOneTest" name="fourTwo" time="0.018"/>
  <system-out/>
  <testcase classname="parallelScripts.SampleOneTest" name="testOne" time="0.005"/>
  <system-out/>
</testsuite> <!-- parallelScripts.SampleOneTest -->
