<?xml version="1.0" encoding="UTF-8"?>
<!-- Generated by org.testng.reporters.JUnitReportReporter -->
<testsuite hostname="LAPTOP-88P6SOIE" failures="0" tests="1" name="TestScript.CDPTest" time="16.742" errors="0" timestamp="2022-10-26T12:51:42 IST" skipped="0">
  <testcase classname="TestScript.CDPTest" name="deviceModeTest" time="16.742"/>
  <system-out/>
</testsuite> <!-- TestScript.CDPTest -->
