<?xml version="1.0" encoding="UTF-8"?>
<!-- Generated by org.testng.reporters.JUnitReportReporter -->
<testsuite hostname="LAPTOP-88P6SOIE" failures="0" tests="3" name="TestScript.SampleTwoTest" time="0.016" errors="0" timestamp="2022-10-21T12:12:03 IST" skipped="0">
  <testcase classname="TestScript.SampleTwoTest" name="searchCypressTest" time="0.005"/>
  <system-out/>
  <testcase classname="TestScript.SampleTwoTest" name="searchSeleniumTest" time="0.003"/>
  <system-out/>
  <testcase classname="TestScript.SampleTwoTest" name="searchCucumberTest" time="0.008"/>
  <system-out/>
</testsuite> <!-- TestScript.SampleTwoTest -->
